Start testing: May 07 15:21 CEST
----------------------------------------------------------
Changing directory into: /home/alex/DEV/Workshop/C/DbgMem/build
1/1 Testing: main
1/1 Test: main
Command: "/home/alex/DEV/Workshop/C/DbgMem/build/bin/main" 
Directory: /home/alex/DEV/Workshop/C/DbgMem/build
"main" start time: May 07 15:21 CEST
Output:
----------------------------------------------------------
String test...
No memory leaks detected.
End string test 1
No memory leaks detected.
End string test 2
Running 200000 iterations of sorted linked-list test (This should be relatively slow).
*.........*.........*.........*.........*.........*.........*.........*.........*.........*.........*.........*.........*.........*.........*.........*.........*.........*.........*.........*.........*.........*.........*.........*.........*.........*.........*.........*.........*.........*.........*.........*.........*.........*.........*.........*.........*.........*.........*.........*.........*.........*.........*.........*.........*.........*.........*.........*.........*.........*.........*.........*.........*.........*.........*.........*.........*.........*.........*.........*.........*.........*.........*.........*.........*.........*.........*.........*.........*.........*.........*.........*.........*.........*.........*.........*.........*.........*.........*.........*.........*.........*.........*.........*.........*.........*.........*.........*.........*.........*.........*.........*.........*.........*.........*.........*.........*.........*.........*.........*.........*.........*.........*.........*.........*.........*.........*.........*.........*.........*.........*.........*.........*.........*.........*.........*.........*.........*.........*.........*.........*.........*.........*.........*.........*.........*.........*.........*.........*.........*.........*.........*.........*.........*.........*.........*.........*.........*.........*.........*.........*.........*.........*.........*.........*.........*.........*.........*.........*.........*.........*.........*.........*.........*.........*.........*.........*.........*.........*.........*.........*.........*.........*.........*.........*.........*.........*.........*.........*.........*.........*.........*.........*.........*.........*.........*.........*.........*.........*.........*.........*.........*.........*.........*.........*.........*.........*.........*.........*.........*.........*.........*.........*.........*.........*.........*.........*.........*.........*.........*.........
Elapsed: 1secs.
Freeing list. This speed is dependent on the allocator now!
Elapsed: 0 secs.
No memory leaks detected.
No memory leaks detected.
No memory leaks detected.
----------------------------------------------------------
"main" end time: May 07 15:22 CEST
"main" time elapsed: 00:00:04
----------------------------------------------------------

End testing: May 07 15:22 CEST
